<?xml version="1.0" encoding="UTF-8"?>
<!-- Generated by org.testng.reporters.JUnitXMLReporter -->
<testsuite hostname="DESKTOP-LNNQE2O" ignored="0" name="Default test" tests="18" failures="0" timestamp="2020-01-28T19:30:23 CET" time="88.46" errors="0">
  <testcase name="basicLogin" time="30.95" classname="tests.MainTest"/>
  <testcase name="Dashboard" time="2.496" classname="tests.MainTest"/>
  <testcase name="Planning" time="1.984" classname="tests.MainTest"/>
  <testcase name="Time" time="1.859" classname="tests.MainTest"/>
  <testcase name="Leave" time="1.388" classname="tests.MainTest"/>
  <testcase name="Training" time="1.31" classname="tests.MainTest"/>
  <testcase name="Staff" time="1.386" classname="tests.MainTest"/>
  <testcase name="Payroll" time="1.341" classname="tests.MainTest"/>
  <testcase name="Reports" time="1.574" classname="tests.MainTest"/>
  <testcase name="AddingStaff1" time="4.306" classname="tests.MainTest"/>
  <testcase name="AddingStaff2" time="2.178" classname="tests.MainTest"/>
  <testcase name="Profile" time="2.619" classname="tests.MainTest"/>
  <testcase name="EditProfile" time="8.417" classname="tests.MainTest"/>
  <testcase name="EditProfile2" time="3.565" classname="tests.MainTest"/>
  <testcase name="Profile1" time="2.447" classname="tests.MainTest"/>
  <testcase name="Settings" time="3.492" classname="tests.MainTest"/>
  <testcase name="Availability" time="3.57" classname="tests.MainTest"/>
  <testcase name="LogOut" time="7.294" classname="tests.MainTest"/>
</testsuite> <!-- Default test -->
